{
  "Cucumber Features": {
    "coverage": {
      "/home/abdullah/0/Home/Aptana/RequestsWebsite/app/controllers/application_controller.rb": [
        1,
        1,
        null,
        null,
        1,
        28,
        28,
        null,
        null,
        1,
        28,
        null,
        null
      ],
      "/home/abdullah/0/Home/Aptana/RequestsWebsite/app/helpers/application_helper.rb": [
        1,
        null
      ],
      "/home/abdullah/0/Home/Aptana/RequestsWebsite/app/controllers/comings_controller.rb": [
        1,
        1,
        null,
        1,
        2,
        null,
        null,
        1,
        2,
        null,
        2,
        1,
        1,
        null,
        1,
        1,
        null,
        null,
        null
      ],
      "/home/abdullah/0/Home/Aptana/RequestsWebsite/app/models/coming.rb": [
        1,
        1,
        null,
        1,
        null,
        1,
        1,
        1,
        null
      ],
      "/home/abdullah/0/Home/Aptana/RequestsWebsite/app/controllers/leaves_controller.rb": [
        1,
        1,
        null,
        1,
        2,
        null,
        null,
        1,
        2,
        null,
        2,
        1,
        1,
        null,
        1,
        1,
        null,
        null,
        null
      ],
      "/home/abdullah/0/Home/Aptana/RequestsWebsite/app/controllers/locale_controller.rb": [
        1,
        1,
        3,
        3,
        null,
        null
      ],
      "/home/abdullah/0/Home/Aptana/RequestsWebsite/app/controllers/tickets_controller.rb": [
        1,
        1,
        null,
        null,
        1,
        2,
        null,
        null,
        1,
        2,
        null,
        2,
        1,
        1,
        null,
        1,
        1,
        null,
        null,
        null
      ],
      "/home/abdullah/0/Home/Aptana/RequestsWebsite/app/models/ticket.rb": [
        1,
        1,
        null,
        1,
        null,
        1,
        1,
        1,
        null
      ],
      "/home/abdullah/0/Home/Aptana/RequestsWebsite/app/controllers/users_controller.rb": [
        1,
        null
      ],
      "/home/abdullah/0/Home/Aptana/RequestsWebsite/app/models/user.rb": [
        1,
        1,
        1,
        null,
        1,
        1,
        null
      ],
      "/home/abdullah/0/Home/Aptana/RequestsWebsite/app/controllers/vacations_controller.rb": [
        1,
        1,
        null,
        1,
        2,
        null,
        null,
        1,
        2,
        null,
        2,
        1,
        1,
        null,
        1,
        1,
        null,
        null,
        null
      ],
      "/home/abdullah/0/Home/Aptana/RequestsWebsite/app/models/vacation.rb": [
        1,
        1,
        null,
        1,
        null,
        1,
        1,
        1,
        1,
        1,
        null
      ],
      "/home/abdullah/0/Home/Aptana/RequestsWebsite/app/models/leave.rb": [
        1,
        1,
        null,
        1,
        null,
        1,
        1,
        1,
        null
      ]
    },
    "timestamp": 1369271540
  },
  "RSpec": {
    "coverage": {
      "/home/abdullah/0/Home/Aptana/RequestsWebsite/app/controllers/application_controller.rb": [
        1,
        1,
        null,
        null,
        1,
        60,
        60,
        null,
        null,
        1,
        70,
        null,
        null
      ],
      "/home/abdullah/0/Home/Aptana/RequestsWebsite/app/helpers/application_helper.rb": [
        1,
        null
      ],
      "/home/abdullah/0/Home/Aptana/RequestsWebsite/app/controllers/comings_controller.rb": [
        1,
        1,
        null,
        1,
        6,
        null,
        null,
        1,
        12,
        null,
        12,
        4,
        4,
        null,
        8,
        8,
        null,
        null,
        null
      ],
      "/home/abdullah/0/Home/Aptana/RequestsWebsite/app/models/coming.rb": [
        1,
        1,
        null,
        1,
        null,
        1,
        1,
        1,
        null
      ],
      "/home/abdullah/0/Home/Aptana/RequestsWebsite/app/controllers/leaves_controller.rb": [
        1,
        1,
        null,
        1,
        6,
        null,
        null,
        1,
        12,
        null,
        12,
        4,
        4,
        null,
        8,
        8,
        null,
        null,
        null
      ],
      "/home/abdullah/0/Home/Aptana/RequestsWebsite/app/controllers/locale_controller.rb": [
        1,
        1,
        2,
        2,
        null,
        null
      ],
      "/home/abdullah/0/Home/Aptana/RequestsWebsite/app/controllers/tickets_controller.rb": [
        1,
        1,
        null,
        null,
        1,
        4,
        null,
        null,
        1,
        12,
        null,
        12,
        4,
        4,
        null,
        8,
        8,
        null,
        null,
        null
      ],
      "/home/abdullah/0/Home/Aptana/RequestsWebsite/app/models/ticket.rb": [
        1,
        1,
        null,
        1,
        null,
        1,
        1,
        1,
        null
      ],
      "/home/abdullah/0/Home/Aptana/RequestsWebsite/app/controllers/users_controller.rb": [
        1,
        null
      ],
      "/home/abdullah/0/Home/Aptana/RequestsWebsite/app/models/user.rb": [
        1,
        1,
        1,
        null,
        1,
        1,
        null
      ],
      "/home/abdullah/0/Home/Aptana/RequestsWebsite/app/controllers/vacations_controller.rb": [
        1,
        1,
        null,
        1,
        4,
        null,
        null,
        1,
        12,
        null,
        12,
        4,
        4,
        null,
        8,
        8,
        null,
        null,
        null
      ],
      "/home/abdullah/0/Home/Aptana/RequestsWebsite/app/models/vacation.rb": [
        1,
        1,
        null,
        1,
        null,
        1,
        1,
        1,
        1,
        1,
        null
      ],
      "/home/abdullah/0/Home/Aptana/RequestsWebsite/app/models/leave.rb": [
        1,
        1,
        null,
        1,
        null,
        1,
        1,
        1,
        null
      ]
    },
    "timestamp": 1369271550
  }
}
