{
  "Cucumber Features": {
    "coverage": {
      "/home/abdullah/0/Home/Aptana/RequestsWebsite/app/controllers/alerts_controller.rb": [
        1,
        8,
        null,
        1,
        3,
        null,
        null,
        1,
        2,
        null,
        null,
        1,
        2,
        null,
        2,
        1,
        null,
        1,
        1,
        null,
        null,
        null
      ],
      "/home/abdullah/0/Home/Aptana/RequestsWebsite/app/controllers/application_controller.rb": [
        1,
        1,
        null,
        null,
        1,
        71,
        71,
        null,
        null,
        1,
        71,
        null,
        71,
        71,
        null,
        null
      ],
      "/home/abdullah/0/Home/Aptana/RequestsWebsite/app/helpers/application_helper.rb": [
        1,
        1,
        0,
        null,
        null,
        1,
        0,
        null,
        null,
        1,
        12,
        null,
        null
      ],
      "/home/abdullah/0/Home/Aptana/RequestsWebsite/app/models/alert.rb": [
        1,
        1,
        null,
        1,
        1,
        null
      ],
      "/home/abdullah/0/Home/Aptana/RequestsWebsite/app/controllers/comings_controller.rb": [
        1,
        1,
        3,
        null,
        null,
        1,
        2,
        2,
        2,
        null,
        null,
        1,
        2,
        null,
        2,
        1,
        null,
        1,
        1,
        null,
        null,
        null
      ],
      "/home/abdullah/0/Home/Aptana/RequestsWebsite/app/models/coming.rb": [
        1,
        1,
        null,
        1,
        null,
        1,
        null,
        1,
        1,
        null
      ],
      "/home/abdullah/0/Home/Aptana/RequestsWebsite/app/controllers/leaves_controller.rb": [
        1,
        1,
        3,
        null,
        null,
        1,
        2,
        2,
        2,
        null,
        null,
        1,
        2,
        null,
        2,
        1,
        null,
        1,
        1,
        null,
        null,
        null
      ],
      "/home/abdullah/0/Home/Aptana/RequestsWebsite/app/controllers/locale_controller.rb": [
        1,
        1,
        3,
        3,
        null,
        null
      ],
      "/home/abdullah/0/Home/Aptana/RequestsWebsite/app/controllers/requests_controller.rb": [
        1,
        23,
        null,
        1,
        22,
        null,
        null
      ],
      "/home/abdullah/0/Home/Aptana/RequestsWebsite/app/models/request.rb": [
        1,
        1,
        null,
        1,
        null,
        1,
        1,
        1,
        1,
        null,
        1,
        1,
        null
      ],
      "/home/abdullah/0/Home/Aptana/RequestsWebsite/app/controllers/tickets_controller.rb": [
        1,
        1,
        3,
        null,
        null,
        1,
        2,
        2,
        2,
        null,
        null,
        1,
        2,
        null,
        2,
        1,
        null,
        1,
        1,
        null,
        null,
        null
      ],
      "/home/abdullah/0/Home/Aptana/RequestsWebsite/app/models/ticket.rb": [
        1,
        1,
        null,
        null,
        1,
        1,
        null,
        1,
        1,
        null,
        1,
        1,
        null
      ],
      "/home/abdullah/0/Home/Aptana/RequestsWebsite/app/controllers/users_controller.rb": [
        1,
        12,
        null,
        1,
        2,
        null,
        null,
        1,
        2,
        2,
        null,
        null,
        1,
        2,
        null,
        2,
        1,
        null,
        1,
        1,
        null,
        null,
        null,
        1,
        4,
        4,
        null,
        4,
        null,
        4,
        2,
        2,
        null,
        2,
        null,
        null,
        4,
        null,
        null,
        1,
        1,
        1,
        null,
        null
      ],
      "/home/abdullah/0/Home/Aptana/RequestsWebsite/app/models/user.rb": [
        1,
        1,
        1,
        null,
        1,
        1,
        null,
        1,
        null,
        1,
        1,
        null
      ],
      "/home/abdullah/0/Home/Aptana/RequestsWebsite/app/controllers/vacations_controller.rb": [
        1,
        1,
        3,
        null,
        null,
        1,
        2,
        2,
        2,
        null,
        null,
        1,
        2,
        null,
        2,
        1,
        null,
        1,
        1,
        null,
        null,
        null
      ],
      "/home/abdullah/0/Home/Aptana/RequestsWebsite/app/models/vacation.rb": [
        1,
        1,
        null,
        1,
        null,
        1,
        null,
        1,
        1,
        1,
        1,
        null
      ],
      "/home/abdullah/0/Home/Aptana/RequestsWebsite/app/models/applicant.rb": [
        1,
        1,
        1,
        null,
        1,
        null
      ],
      "/home/abdullah/0/Home/Aptana/RequestsWebsite/app/models/companion.rb": [
        1,
        1,
        null,
        1,
        null,
        null,
        null,
        null,
        null
      ],
      "/home/abdullah/0/Home/Aptana/RequestsWebsite/app/models/leave.rb": [
        1,
        1,
        null,
        1,
        null,
        1,
        null,
        1,
        1,
        null
      ],
      "/home/abdullah/0/Home/Aptana/RequestsWebsite/app/models/location.rb": [
        1,
        1,
        1,
        null,
        1,
        null
      ]
    },
    "timestamp": 1369665627
  },
  "RSpec": {
    "coverage": {
      "/home/abdullah/0/Home/Aptana/RequestsWebsite/app/controllers/alerts_controller.rb": [
        1,
        20,
        null,
        1,
        3,
        null,
        null,
        1,
        4,
        null,
        null,
        1,
        12,
        null,
        12,
        4,
        null,
        8,
        8,
        null,
        null,
        null
      ],
      "/home/abdullah/0/Home/Aptana/RequestsWebsite/app/controllers/application_controller.rb": [
        1,
        1,
        null,
        null,
        1,
        119,
        119,
        null,
        null,
        1,
        134,
        null,
        134,
        134,
        null,
        null
      ],
      "/home/abdullah/0/Home/Aptana/RequestsWebsite/app/helpers/application_helper.rb": [
        1,
        1,
        0,
        null,
        null,
        1,
        0,
        null,
        null,
        1,
        0,
        null,
        null
      ],
      "/home/abdullah/0/Home/Aptana/RequestsWebsite/app/models/alert.rb": [
        1,
        1,
        null,
        1,
        1,
        null
      ],
      "/home/abdullah/0/Home/Aptana/RequestsWebsite/app/controllers/comings_controller.rb": [
        1,
        1,
        4,
        null,
        null,
        1,
        4,
        4,
        3,
        null,
        null,
        1,
        12,
        null,
        12,
        4,
        null,
        8,
        8,
        null,
        null,
        null
      ],
      "/home/abdullah/0/Home/Aptana/RequestsWebsite/app/models/coming.rb": [
        1,
        1,
        null,
        1,
        null,
        1,
        null,
        1,
        1,
        null
      ],
      "/home/abdullah/0/Home/Aptana/RequestsWebsite/app/controllers/leaves_controller.rb": [
        1,
        1,
        4,
        null,
        null,
        1,
        4,
        4,
        3,
        null,
        null,
        1,
        12,
        null,
        12,
        4,
        null,
        8,
        8,
        null,
        null,
        null
      ],
      "/home/abdullah/0/Home/Aptana/RequestsWebsite/app/controllers/locale_controller.rb": [
        1,
        1,
        2,
        2,
        null,
        null
      ],
      "/home/abdullah/0/Home/Aptana/RequestsWebsite/app/controllers/requests_controller.rb": [
        1,
        11,
        null,
        1,
        10,
        null,
        null
      ],
      "/home/abdullah/0/Home/Aptana/RequestsWebsite/app/models/request.rb": [
        1,
        1,
        null,
        1,
        null,
        1,
        1,
        1,
        1,
        null,
        1,
        1,
        null
      ],
      "/home/abdullah/0/Home/Aptana/RequestsWebsite/app/controllers/tickets_controller.rb": [
        1,
        1,
        4,
        null,
        null,
        1,
        4,
        4,
        3,
        null,
        null,
        1,
        12,
        null,
        12,
        4,
        null,
        8,
        8,
        null,
        null,
        null
      ],
      "/home/abdullah/0/Home/Aptana/RequestsWebsite/app/models/ticket.rb": [
        1,
        1,
        null,
        null,
        1,
        1,
        null,
        1,
        1,
        null,
        1,
        1,
        null
      ],
      "/home/abdullah/0/Home/Aptana/RequestsWebsite/app/controllers/users_controller.rb": [
        1,
        24,
        null,
        1,
        2,
        null,
        null,
        1,
        4,
        4,
        null,
        null,
        1,
        12,
        null,
        12,
        4,
        null,
        8,
        8,
        null,
        null,
        null,
        1,
        5,
        5,
        null,
        5,
        null,
        5,
        0,
        0,
        null,
        5,
        null,
        null,
        5,
        null,
        null,
        1,
        0,
        0,
        null,
        null
      ],
      "/home/abdullah/0/Home/Aptana/RequestsWebsite/app/models/user.rb": [
        1,
        1,
        1,
        null,
        1,
        1,
        null,
        1,
        null,
        1,
        1,
        null
      ],
      "/home/abdullah/0/Home/Aptana/RequestsWebsite/app/controllers/vacations_controller.rb": [
        1,
        1,
        4,
        null,
        null,
        1,
        4,
        4,
        3,
        null,
        null,
        1,
        12,
        null,
        12,
        4,
        null,
        8,
        8,
        null,
        null,
        null
      ],
      "/home/abdullah/0/Home/Aptana/RequestsWebsite/app/models/vacation.rb": [
        1,
        1,
        null,
        1,
        null,
        1,
        null,
        1,
        1,
        1,
        1,
        null
      ],
      "/home/abdullah/0/Home/Aptana/RequestsWebsite/app/models/applicant.rb": [
        1,
        1,
        1,
        null,
        1,
        null
      ],
      "/home/abdullah/0/Home/Aptana/RequestsWebsite/app/models/companion.rb": [
        1,
        1,
        null,
        1,
        null,
        null,
        null,
        null,
        null
      ],
      "/home/abdullah/0/Home/Aptana/RequestsWebsite/app/models/leave.rb": [
        1,
        1,
        null,
        1,
        null,
        1,
        null,
        1,
        1,
        null
      ],
      "/home/abdullah/0/Home/Aptana/RequestsWebsite/app/models/location.rb": [
        1,
        1,
        1,
        null,
        1,
        null
      ]
    },
    "timestamp": 1369664859
  }
}
